TN:
SF:components\Login.js
FN:10,(anonymous_0)
FN:19,(anonymous_1)
FN:27,(anonymous_2)
FN:69,(anonymous_3)
FN:79,(anonymous_4)
FNF:5
FNH:3
FNDA:2,(anonymous_0)
FNDA:3,(anonymous_1)
FNDA:1,(anonymous_2)
FNDA:0,(anonymous_3)
FNDA:0,(anonymous_4)
DA:10,2
DA:19,1
DA:20,3
DA:21,3
DA:22,3
DA:23,3
DA:24,3
DA:25,3
DA:27,3
DA:28,1
DA:29,1
DA:30,1
DA:31,1
DA:32,1
DA:34,0
DA:35,0
DA:39,0
DA:40,0
DA:41,0
DA:44,0
DA:45,0
DA:47,0
DA:51,0
DA:54,3
DA:69,0
DA:79,0
LF:26
LH:15
BRDA:28,0,0,1
BRDA:28,0,1,0
BRDA:29,1,0,1
BRDA:29,1,1,0
BRDA:31,2,0,1
BRDA:31,2,1,0
BRDA:34,3,0,0
BRDA:34,3,1,0
BRDA:48,4,0,0
BRDA:48,4,1,0
BRDA:58,5,0,3
BRDA:58,5,1,1
BRF:12
BRH:5
end_of_record
TN:
SF:components\TableV2.js
FN:5,(anonymous_0)
FNF:1
FNH:1
FNDA:2,(anonymous_0)
DA:5,1
DA:6,2
DA:8,2
LF:3
LH:3
BRF:0
BRH:0
end_of_record
TN:
SF:pages\api\loadQuoteHistory.js
FN:4,(anonymous_0)
FN:47,(anonymous_1)
FNF:2
FNH:1
FNDA:4,(anonymous_0)
FNDA:0,(anonymous_1)
DA:2,1
DA:4,1
DA:6,4
DA:7,1
DA:9,3
DA:10,3
DA:13,3
DA:14,1
DA:20,2
DA:22,2
DA:23,2
DA:24,10
DA:25,1
DA:26,1
DA:31,2
DA:32,1
DA:35,1
DA:37,1
DA:41,0
DA:47,1
DA:48,0
LF:21
LH:19
BRDA:6,0,0,1
BRDA:6,0,1,3
BRDA:13,1,0,1
BRDA:13,1,1,2
BRDA:24,2,0,1
BRDA:24,2,1,9
BRDA:31,3,0,1
BRDA:31,3,1,1
BRF:8
BRH:8
end_of_record
TN:
SF:pages\api\login.js
FN:3,(anonymous_0)
FNF:1
FNH:1
FNDA:4,(anonymous_0)
DA:3,1
DA:4,4
DA:5,1
DA:9,3
DA:10,3
DA:12,3
DA:48,3
DA:51,3
DA:52,3
DA:53,7
DA:54,2
DA:55,2
DA:56,1
DA:57,1
DA:58,1
DA:59,1
DA:60,1
DA:66,2
DA:67,2
DA:72,0
LF:20
LH:19
BRDA:4,0,0,1
BRDA:4,0,1,3
BRDA:53,1,0,2
BRDA:53,1,1,5
BRDA:55,2,0,1
BRDA:55,2,1,1
BRDA:66,3,0,2
BRDA:66,3,1,0
BRF:8
BRH:7
end_of_record
TN:
SF:pages\api\mockDBs.js
FNF:0
FNH:0
DA:1,1
DA:54,1
DA:90,1
LF:3
LH:3
BRF:0
BRH:0
end_of_record
TN:
SF:pages\api\register.js
FN:3,(anonymous_0)
FNF:1
FNH:1
FNDA:5,(anonymous_0)
DA:3,1
DA:4,5
DA:5,1
DA:8,4
DA:10,4
DA:16,0
DA:19,4
DA:20,4
DA:22,4
DA:23,2
DA:29,2
DA:30,4
DA:31,1
DA:35,1
DA:37,1
DA:39,0
DA:43,0
LF:17
LH:14
BRDA:4,0,0,1
BRDA:4,0,1,4
BRDA:22,1,0,2
BRDA:22,1,1,2
BRDA:22,2,0,4
BRDA:22,2,1,3
BRDA:30,3,0,1
BRDA:30,3,1,3
BRF:8
BRH:8
end_of_record
TN:
SF:pages\api\saveProfile.js
FN:1,(anonymous_0)
FNF:1
FNH:1
FNDA:34,(anonymous_0)
DA:1,1
DA:2,34
DA:3,1
DA:5,33
DA:6,33
DA:7,33
DA:8,33
DA:9,33
DA:10,33
DA:11,33
DA:13,33
DA:14,33
DA:15,33
DA:18,33
DA:20,33
DA:22,33
DA:23,33
DA:24,33
DA:27,33
DA:28,1
DA:32,32
DA:33,6
DA:35,26
DA:36,1
DA:41,25
DA:42,7
DA:43,18
DA:44,6
DA:46,12
DA:47,8
DA:51,4
LF:31
LH:31
BRDA:2,0,0,1
BRDA:2,0,1,33
BRDA:14,1,0,33
BRDA:14,1,1,32
BRDA:15,2,0,33
BRDA:15,2,1,0
BRDA:18,3,0,33
BRDA:18,3,1,31
BRDA:20,4,0,33
BRDA:20,4,1,32
BRDA:22,5,0,33
BRDA:22,5,1,31
BRDA:23,6,0,33
BRDA:23,6,1,31
BRDA:27,7,0,1
BRDA:27,7,1,32
BRDA:32,8,0,6
BRDA:32,8,1,26
BRDA:35,9,0,1
BRDA:35,9,1,25
BRDA:41,10,0,7
BRDA:41,10,1,18
BRDA:43,11,0,6
BRDA:43,11,1,12
BRDA:46,12,0,8
BRDA:46,12,1,4
BRF:26
BRH:25
end_of_record
