TN:
SF:components\Login.js
FN:10,(anonymous_0)
FN:19,(anonymous_1)
FN:27,(anonymous_2)
FN:69,(anonymous_3)
FN:79,(anonymous_4)
FNF:5
FNH:3
FNDA:2,(anonymous_0)
FNDA:3,(anonymous_1)
FNDA:1,(anonymous_2)
FNDA:0,(anonymous_3)
FNDA:0,(anonymous_4)
DA:10,2
DA:19,1
DA:20,3
DA:21,3
DA:22,3
DA:23,3
DA:24,3
DA:25,3
DA:27,3
DA:28,1
DA:29,1
DA:30,1
DA:31,1
DA:32,1
DA:34,0
DA:35,0
DA:39,0
DA:40,0
DA:41,0
DA:44,0
DA:45,0
DA:47,0
DA:51,0
DA:54,3
DA:69,0
DA:79,0
LF:26
LH:15
BRDA:28,0,0,1
BRDA:28,0,1,0
BRDA:29,1,0,1
BRDA:29,1,1,0
BRDA:31,2,0,1
BRDA:31,2,1,0
BRDA:34,3,0,0
BRDA:34,3,1,0
BRDA:48,4,0,0
BRDA:48,4,1,0
BRDA:58,5,0,3
BRDA:58,5,1,1
BRF:12
BRH:5
end_of_record
TN:
SF:components\TableV2.js
FN:5,(anonymous_0)
FNF:1
FNH:1
FNDA:2,(anonymous_0)
DA:5,1
DA:6,2
DA:8,2
LF:3
LH:3
BRF:0
BRH:0
end_of_record
